<?xml version="1.0" encoding="UTF-8"?>
<testng-results ignored="0" total="1" passed="1" failed="0" skipped="0">
  <reporter-output>
  </reporter-output>
  <suite started-at="2023-01-19T14:28:22 IST" name="Suite" finished-at="2023-01-19T14:28:22 IST" duration-ms="143">
    <groups>
    </groups>
    <test started-at="2023-01-19T14:28:22 IST" name="Test" finished-at="2023-01-19T14:28:22 IST" duration-ms="143">
      <class name="day5.learnTest_bm_af">
        <test-method is-config="true" signature="beforeMethod()[pri:0, instance:day5.learnTest_bm_af@67c33749]" started-at="2023-01-19T14:28:22 IST" name="beforeMethod" finished-at="2023-01-19T14:28:22 IST" duration-ms="11" status="PASS">
          <reporter-output>
          </reporter-output>
        </test-method> <!-- beforeMethod -->
        <test-method signature="f()[pri:0, instance:day5.learnTest_bm_af@67c33749]" started-at="2023-01-19T14:28:22 IST" name="f" finished-at="2023-01-19T14:28:22 IST" duration-ms="27" status="PASS">
          <reporter-output>
          </reporter-output>
        </test-method> <!-- f -->
        <test-method is-config="true" signature="afterMethod()[pri:0, instance:day5.learnTest_bm_af@67c33749]" started-at="2023-01-19T14:28:22 IST" name="afterMethod" finished-at="2023-01-19T14:28:22 IST" duration-ms="1" status="PASS">
          <reporter-output>
          </reporter-output>
        </test-method> <!-- afterMethod -->
      </class> <!-- day5.learnTest_bm_af -->
    </test> <!-- Test -->
  </suite> <!-- Suite -->
</testng-results>
